BROKEN SRC in index.html: '/captions/video-en.vtt' (checked as 'captions/video-en.vtt')
BROKEN SRC in about.html: '/images/office-interior.jpg' (checked as 'images/office-interior.jpg')
BROKEN SRC in about.html: '/images/icons/balance-scale-icon.svg' (checked as 'images/icons/balance-scale-icon.svg')
BROKEN SRC in about.html: '/images/icons/handshake-icon.svg' (checked as 'images/icons/handshake-icon.svg')
BROKEN SRC in about.html: '/images/icons/lightbulb-icon.svg' (checked as 'images/icons/lightbulb-icon.svg')
BROKEN SRC in about.html: '/images/icons/mountain-icon.svg' (checked as 'images/icons/mountain-icon.svg')
BROKEN SRC in practice-areas.html: '/images/icons/intellectual-property-icon.svg' (checked as 'images/icons/intellectual-property-icon.svg')
BROKEN SRC in practice-areas.html: '/images/icons/general-practice-icon.svg' (checked as 'images/icons/general-practice-icon.svg')
BROKEN SRC in civil-litigation.html: '/js/enhanced-navigation.js' (checked as 'js/enhanced-navigation.js')
BROKEN SRC in civil-litigation.html: '/js/scroll-navigation.js' (checked as 'js/scroll-navigation.js')
BROKEN SRC in civil-litigation.html: '/js/visual-integration.js' (checked as 'js/visual-integration.js')
BROKEN HREF in business-law.html: '/resources/business-formation-checklist.html' (checked as 'resources/business-formation-checklist.html')
BROKEN SRC in business-law.html: '/images/icons/business-formation-icon.svg' (checked as 'images/icons/business-formation-icon.svg')
BROKEN SRC in business-law.html: '/images/icons/contracts-icon.svg' (checked as 'images/icons/contracts-icon.svg')
BROKEN SRC in business-law.html: '/images/icons/corporate-governance-icon.svg' (checked as 'images/icons/corporate-governance-icon.svg')
BROKEN SRC in business-law.html: '/images/icons/business-transactions-icon.svg' (checked as 'images/icons/business-transactions-icon.svg')
BROKEN SRC in business-law.html: '/images/icons/regulatory-compliance-icon.svg' (checked as 'images/icons/regulatory-compliance-icon.svg')
BROKEN SRC in business-law.html: '/images/icons/business-succession-icon.svg' (checked as 'images/icons/business-succession-icon.svg')
BROKEN HREF in technology-law.html: '/resources/tech-law-guide.html' (checked as 'resources/tech-law-guide.html')
BROKEN SRC in technology-law.html: '/js/scroll-navigation.js' (checked as 'js/scroll-navigation.js')
BROKEN SRC in technology-law.html: '/images/icons/general-practice-icon.svg' (checked as 'images/icons/general-practice-icon.svg')
BROKEN HREF in resources.html: '/blog.html' (checked as 'blog.html')
BROKEN SRC in resources.html: '/images/icons/facebook-icon.svg' (checked as 'images/icons/facebook-icon.svg')
BROKEN SRC in resources.html: '/images/icons/twitter-icon.svg' (checked as 'images/icons/twitter-icon.svg')
BROKEN SRC in resources.html: '/images/icons/linkedin-icon.svg' (checked as 'images/icons/linkedin-icon.svg')
BROKEN SRC in resources.html: '/images/NorthernEdge Legal Logo.jpg' (checked as 'images/NorthernEdge Legal Logo.jpg')
BROKEN SRC in blog/index.html: '/js/visual-integration.js' (checked as 'js/visual-integration.js')
BROKEN SRC in blog/posts/Designer_Babies.html: '/images/icons/facebook-icon.svg' (checked as 'images/icons/facebook-icon.svg')
BROKEN SRC in blog/posts/Designer_Babies.html: '/images/icons/twitter-icon.svg' (checked as 'images/icons/twitter-icon.svg')
BROKEN SRC in blog/posts/Designer_Babies.html: '/images/icons/linkedin-icon.svg' (checked as 'images/icons/linkedin-icon.svg')
BROKEN HREF in blog/posts/ai-regulation-implications.html: '/blog/posts/virtual-courts-future.html' (checked as 'blog/posts/virtual-courts-future.html')
BROKEN HREF in blog/posts/ai-regulation-implications.html: '/blog/posts/virtual-courts-future.html' (checked as 'blog/posts/virtual-courts-future.html')
BROKEN HREF in blog/posts/ai-regulation-implications.html: '/blog/posts/contract-negotiation-tips.html' (checked as 'blog/posts/contract-negotiation-tips.html')
BROKEN SRC in blog/posts/ai-regulation-implications.html: '/images/northernedge-logo.svg' (checked as 'images/northernedge-logo.svg')
BROKEN SRC in blog/posts/ai-regulation-implications.html: '/images/blog/ai-regulation.jpg' (checked as 'images/blog/ai-regulation.jpg')
BROKEN SRC in blog/posts/ai-regulation-implications.html: '/images/team/tim-harmar.jpg' (checked as 'images/team/tim-harmar.jpg')
BROKEN SRC in blog/posts/ai-regulation-implications.html: '/images/northernedge-logo-white.svg' (checked as 'images/northernedge-logo-white.svg')
BROKEN HREF in blog/posts/template.html: '/blog/posts/previous-post.html' (checked as 'blog/posts/previous-post.html')
BROKEN HREF in blog/posts/template.html: '/blog/posts/next-post.html' (checked as 'blog/posts/next-post.html')
BROKEN SRC in blog/posts/template.html: '/images/blog/post-image.jpg' (checked as 'images/blog/post-image.jpg')
BROKEN SRC in blog/posts/template.html: '/images/team/author-name.jpg' (checked as 'images/team/author-name.jpg')
BROKEN SRC in privacy-policy.html: '/images/northernedge-logo.svg' (checked as 'images/northernedge-logo.svg')
BROKEN SRC in privacy-policy.html: '/images/northernedge-logo-white.svg' (checked as 'images/northernedge-logo-white.svg')
BROKEN SRC in terms-of-use.html: '/images/northernedge-logo.svg' (checked as 'images/northernedge-logo.svg')
BROKEN SRC in terms-of-use.html: '/images/northernedge-logo-white.svg' (checked as 'images/northernedge-logo-white.svg')
BROKEN SRC in sitemap.html: '/videos/NorthernEdge%20Legal%20Logo.jpg' (checked as 'videos/NorthernEdge%20Legal%20Logo.jpg')
BROKEN SRC in sitemap.html: '/videos/NorthernEdge%20Legal%20Logo.jpg' (checked as 'videos/NorthernEdge%20Legal%20Logo.jpg')
Missing: images/northernedge-logo.svg
Potentially missing: search.html
