BROKEN HREF in index.html: '/favicon/apple-touch-icon.png' (checked as 'favicon/apple-touch-icon.png')
BROKEN HREF in index.html: '/favicon/favicon-32x32.png' (checked as 'favicon/favicon-32x32.png')
BROKEN HREF in index.html: '/favicon/favicon-16x16.png' (checked as 'favicon/favicon-16x16.png')
BROKEN HREF in index.html: '/favicon/safari-pinned-tab.svg' (checked as 'favicon/safari-pinned-tab.svg')
BROKEN SRC in index.html: '/captions/video-en.vtt' (checked as 'captions/video-en.vtt')
BROKEN HREF in about.html: '/favicon/favicon_io/safari-pinned-tab.svg' (checked as 'favicon/favicon_io/safari-pinned-tab.svg')
BROKEN SRC in about.html: '/images/office-interior.jpg' (checked as 'images/office-interior.jpg')
BROKEN SRC in about.html: '/images/icons/balance-scale-icon.svg' (checked as 'images/icons/balance-scale-icon.svg')
BROKEN SRC in about.html: '/images/icons/handshake-icon.svg' (checked as 'images/icons/handshake-icon.svg')
BROKEN SRC in about.html: '/images/icons/lightbulb-icon.svg' (checked as 'images/icons/lightbulb-icon.svg')
BROKEN SRC in about.html: '/images/icons/mountain-icon.svg' (checked as 'images/icons/mountain-icon.svg')
BROKEN HREF in practice-areas.html: '/favicon/apple-touch-icon.png' (checked as 'favicon/apple-touch-icon.png')
BROKEN HREF in practice-areas.html: '/favicon/favicon-32x32.png' (checked as 'favicon/favicon-32x32.png')
BROKEN HREF in practice-areas.html: '/favicon/favicon-16x16.png' (checked as 'favicon/favicon-16x16.png')
BROKEN HREF in practice-areas.html: '/favicon/safari-pinned-tab.svg' (checked as 'favicon/safari-pinned-tab.svg')
BROKEN SRC in practice-areas.html: '/images/icons/intellectual-property-icon.svg' (checked as 'images/icons/intellectual-property-icon.svg')
BROKEN SRC in practice-areas.html: '/images/icons/general-practice-icon.svg' (checked as 'images/icons/general-practice-icon.svg')
BROKEN HREF in civil-litigation.html: '/js/enhanced-navigation.js' (checked as 'js/enhanced-navigation.js')
BROKEN HREF in civil-litigation.html: '/js/scroll-navigation.js' (checked as 'js/scroll-navigation.js')
BROKEN HREF in civil-litigation.html: '/css/inner-navigation.css' (checked as 'css/inner-navigation.css')
BROKEN HREF in civil-litigation.html: '/css/navigation-enhancements.css' (checked as 'css/navigation-enhancements.css')
BROKEN SRC in civil-litigation.html: '/js/enhanced-navigation.js' (checked as 'js/enhanced-navigation.js')
BROKEN SRC in civil-litigation.html: '/js/scroll-navigation.js' (checked as 'js/scroll-navigation.js')
BROKEN SRC in civil-litigation.html: '/js/visual-integration.js' (checked as 'js/visual-integration.js')
BROKEN HREF in business-law.html: '/css/navigation-enhancements.css' (checked as 'css/navigation-enhancements.css')
BROKEN HREF in business-law.html: '/resources/business-formation-guide.pdf' (checked as 'resources/business-formation-guide.pdf')
BROKEN HREF in business-law.html: '/resources/contract-essentials.pdf' (checked as 'resources/contract-essentials.pdf')
BROKEN HREF in business-law.html: '/resources/compliance-overview.pdf' (checked as 'resources/compliance-overview.pdf')
BROKEN HREF in business-law.html: '/resources/business-formation-checklist.html' (checked as 'resources/business-formation-checklist.html')
BROKEN SRC in business-law.html: '/images/icons/business-formation-icon.svg' (checked as 'images/icons/business-formation-icon.svg')
BROKEN SRC in business-law.html: '/images/icons/contracts-icon.svg' (checked as 'images/icons/contracts-icon.svg')
BROKEN SRC in business-law.html: '/images/icons/corporate-governance-icon.svg' (checked as 'images/icons/corporate-governance-icon.svg')
BROKEN SRC in business-law.html: '/images/icons/business-transactions-icon.svg' (checked as 'images/icons/business-transactions-icon.svg')
BROKEN SRC in business-law.html: '/images/icons/regulatory-compliance-icon.svg' (checked as 'images/icons/regulatory-compliance-icon.svg')
BROKEN SRC in business-law.html: '/images/icons/business-succession-icon.svg' (checked as 'images/icons/business-succession-icon.svg')
BROKEN HREF in technology-law.html: '/css/navigation-enhancements.css' (checked as 'css/navigation-enhancements.css')
BROKEN HREF in technology-law.html: '/resources/software-ip-protection.pdf' (checked as 'resources/software-ip-protection.pdf')
BROKEN HREF in technology-law.html: '/resources/privacy-compliance-checklist.pdf' (checked as 'resources/privacy-compliance-checklist.pdf')
BROKEN HREF in technology-law.html: '/resources/tech-contract-essentials.pdf' (checked as 'resources/tech-contract-essentials.pdf')
BROKEN HREF in technology-law.html: '/resources/tech-law-guide.html' (checked as 'resources/tech-law-guide.html')
BROKEN SRC in technology-law.html: '/js/scroll-navigation.js' (checked as 'js/scroll-navigation.js')
BROKEN SRC in technology-law.html: '/images/icons/general-practice-icon.svg' (checked as 'images/icons/general-practice-icon.svg')
BROKEN HREF in general-practice.html: '/css/navigation-enhancements.css' (checked as 'css/navigation-enhancements.css')
BROKEN HREF in general-practice.html: '/resources/family-law-guide.pdf' (checked as 'resources/family-law-guide.pdf')
BROKEN HREF in general-practice.html: '/resources/estate-planning-checklist.pdf' (checked as 'resources/estate-planning-checklist.pdf')
BROKEN HREF in general-practice.html: '/resources/real-estate-transactions.pdf' (checked as 'resources/real-estate-transactions.pdf')
BROKEN HREF in resources.html: '/css/navigation-enhancements.css' (checked as 'css/navigation-enhancements.css')
BROKEN HREF in resources.html: '/../guidebook/Designer_Babies.pdf' (checked as '../guidebook/Designer_Babies.pdf')
BROKEN HREF in resources.html: '/blog.html' (checked as 'blog.html')
BROKEN HREF in resources.html: '/${resource.link}' (checked as '${resource.link}')
BROKEN SRC in resources.html: '/images/icons/facebook-icon.svg' (checked as 'images/icons/facebook-icon.svg')
BROKEN SRC in resources.html: '/images/icons/twitter-icon.svg' (checked as 'images/icons/twitter-icon.svg')
BROKEN SRC in resources.html: '/images/icons/linkedin-icon.svg' (checked as 'images/icons/linkedin-icon.svg')
BROKEN SRC in resources.html: '/images/NorthernEdge Legal Logo.jpg' (checked as 'images/NorthernEdge Legal Logo.jpg')
BROKEN HREF in contact.html: '/favicon/apple-touch-icon.png' (checked as 'favicon/apple-touch-icon.png')
BROKEN HREF in contact.html: '/favicon/favicon-32x32.png' (checked as 'favicon/favicon-32x32.png')
BROKEN HREF in contact.html: '/favicon/favicon-16x16.png' (checked as 'favicon/favicon-16x16.png')
BROKEN HREF in contact.html: '/favicon/safari-pinned-tab.svg' (checked as 'favicon/safari-pinned-tab.svg')
BROKEN SRC in blog/index.html: '/js/visual-integration.js' (checked as 'js/visual-integration.js')
BROKEN HREF in blog/posts/Designer_Babies.html: '/blog/../guidebook/Designer_Babies.pdf' (checked as 'blog/../guidebook/Designer_Babies.pdf')
BROKEN SRC in blog/posts/Designer_Babies.html: '/blog/../images/icons/facebook-icon.svg' (checked as 'blog/../images/icons/facebook-icon.svg')
BROKEN SRC in blog/posts/Designer_Babies.html: '/blog/../images/icons/twitter-icon.svg' (checked as 'blog/../images/icons/twitter-icon.svg')
BROKEN SRC in blog/posts/Designer_Babies.html: '/blog/../images/icons/linkedin-icon.svg' (checked as 'blog/../images/icons/linkedin-icon.svg')
BROKEN HREF in blog/posts/ai-regulation-implications.html: '/blog/index.html?category=business' (checked as 'blog/index.html?category=business')
BROKEN HREF in blog/posts/ai-regulation-implications.html: '/blog/index.html?category=technology' (checked as 'blog/index.html?category=technology')
BROKEN HREF in blog/posts/ai-regulation-implications.html: '/blog/posts/virtual-courts-future.html' (checked as 'blog/posts/virtual-courts-future.html')
BROKEN HREF in blog/posts/ai-regulation-implications.html: '/blog/posts/virtual-courts-future.html' (checked as 'blog/posts/virtual-courts-future.html')
BROKEN HREF in blog/posts/ai-regulation-implications.html: '/blog/posts/contract-negotiation-tips.html' (checked as 'blog/posts/contract-negotiation-tips.html')
BROKEN SRC in blog/posts/ai-regulation-implications.html: '/blog/../images/northernedge-logo.svg' (checked as 'blog/../images/northernedge-logo.svg')
BROKEN SRC in blog/posts/ai-regulation-implications.html: '/blog/../images/blog/ai-regulation.jpg' (checked as 'blog/../images/blog/ai-regulation.jpg')
BROKEN SRC in blog/posts/ai-regulation-implications.html: '/blog/../images/team/tim-harmar.jpg' (checked as 'blog/../images/team/tim-harmar.jpg')
BROKEN SRC in blog/posts/ai-regulation-implications.html: '/blog/../images/northernedge-logo-white.svg' (checked as 'blog/../images/northernedge-logo-white.svg')
BROKEN HREF in blog/posts/template.html: '/blog/index.html?category=category1' (checked as 'blog/index.html?category=category1')
BROKEN HREF in blog/posts/template.html: '/blog/index.html?category=category2' (checked as 'blog/index.html?category=category2')
BROKEN HREF in blog/posts/template.html: '/blog/posts/previous-post.html' (checked as 'blog/posts/previous-post.html')
BROKEN HREF in blog/posts/template.html: '/blog/posts/next-post.html' (checked as 'blog/posts/next-post.html')
BROKEN SRC in blog/posts/template.html: '/blog/../images/blog/post-image.jpg' (checked as 'blog/../images/blog/post-image.jpg')
BROKEN SRC in blog/posts/template.html: '/blog/../images/team/author-name.jpg' (checked as 'blog/../images/team/author-name.jpg')
BROKEN SRC in privacy-policy.html: '/images/northernedge-logo.svg' (checked as 'images/northernedge-logo.svg')
BROKEN SRC in privacy-policy.html: '/images/northernedge-logo-white.svg' (checked as 'images/northernedge-logo-white.svg')
BROKEN SRC in terms-of-use.html: '/images/northernedge-logo.svg' (checked as 'images/northernedge-logo.svg')
BROKEN SRC in terms-of-use.html: '/images/northernedge-logo-white.svg' (checked as 'images/northernedge-logo-white.svg')
BROKEN SRC in sitemap.html: '/videos/NorthernEdge%20Legal%20Logo.jpg' (checked as 'videos/NorthernEdge%20Legal%20Logo.jpg')
BROKEN SRC in sitemap.html: '/videos/NorthernEdge%20Legal%20Logo.jpg' (checked as 'videos/NorthernEdge%20Legal%20Logo.jpg')
BROKEN HREF in 404.html: '/' (checked as '')
Missing: images/northernedge-logo.svg (referenced in REDESIGN-GUIDE.md)
Potentially missing: search.html (target of search forms)
Potentially missing: images/icons/intellectual-property-icon.svg
Potentially missing: images/icons/general-practice-icon.svg
Potentially missing: /images/office-interior.jpg
Potentially missing: /guidebook/Designer_Babies.pdf
WARNING: Asset directory /guidebook does not exist!
