Corrected HREF in index.html: 'contact.html' to '/contact.html'
Corrected HREF in index.html: 'practice-areas.html' to '/practice-areas.html'
Corrected HREF in index.html: 'business-law.html' to '/business-law.html'
Corrected HREF in index.html: 'civil-litigation.html' to '/civil-litigation.html'
Corrected HREF in index.html: 'technology-law.html' to '/technology-law.html'
Corrected HREF in index.html: 'about.html' to '/about.html'
Corrected HREF in index.html: 'contact.html' to '/contact.html'
Corrected SRC in index.html: 'captions/video-en.vtt' to '/captions/video-en.vtt'
Corrected SRC in index.html: 'videos/DynamicLogoAnimation.mp4' to '/videos/DynamicLogoAnimation.mp4'
Corrected SRC in index.html: 'images/icons/business-icon.svg' to '/images/icons/business-icon.svg'
Corrected SRC in index.html: 'images/icons/litigation-icon.svg' to '/images/icons/litigation-icon.svg'
Corrected SRC in index.html: 'images/icons/technology-icon.svg' to '/images/icons/technology-icon.svg'
Corrected HREF in about.html: 'team/tim-harmar.html' to '/team/tim-harmar.html'
Corrected HREF in about.html: 'contact.html' to '/contact.html'
Corrected HREF in practice-areas.html: 'css/icon-styles.css' to '/css/icon-styles.css'
Corrected HREF in practice-areas.html: 'contact.html' to '/contact.html'
Corrected HREF in practice-areas.html: 'about.html' to '/about.html'
Corrected SRC in practice-areas.html: 'images/icons/business-icon.svg' to '/images/icons/business-icon.svg'
Corrected SRC in practice-areas.html: 'images/icons/litigation-icon.svg' to '/images/icons/litigation-icon.svg'
Corrected SRC in practice-areas.html: 'images/icons/technology-icon.svg' to '/images/icons/technology-icon.svg'
Corrected SRC in practice-areas.html: 'images/icons/intellectual-property-icon.svg' to '/images/icons/intellectual-property-icon.svg'
Corrected SRC in practice-areas.html: 'images/icons/general-practice-icon.svg' to '/images/icons/general-practice-icon.svg'
Corrected HREF in civil-litigation.html: 'css/main.css' to '/css/main.css'
Corrected HREF in civil-litigation.html: 'css/typography.css' to '/css/typography.css'
Corrected HREF in civil-litigation.html: 'css/responsive.css' to '/css/responsive.css'
Corrected HREF in civil-litigation.html: 'css/visual-enhancements.css' to '/css/visual-enhancements.css'
Corrected HREF in civil-litigation.html: 'css/elegant-design-system.css' to '/css/elegant-design-system.css'
Corrected HREF in civil-litigation.html: 'css/inner-navigation.css' to '/css/inner-navigation.css'
Corrected HREF in civil-litigation.html: 'css/navigation-enhancements.css' to '/css/navigation-enhancements.css'
Corrected HREF in civil-litigation.html: 'css/animations.css' to '/css/animations.css'
Corrected HREF in civil-litigation.html: 'css/icon-styles.css' to '/css/icon-styles.css'
Corrected HREF in civil-litigation.html: 'css/accessibility.css' to '/css/accessibility.css'
Corrected HREF in civil-litigation.html: 'css/performance-fixes.css' to '/css/performance-fixes.css'
Corrected HREF in civil-litigation.html: 'css/back-to-top.css' to '/css/back-to-top.css'
Corrected HREF in civil-litigation.html: 'css/breadcrumbs.css' to '/css/breadcrumbs.css'
Corrected HREF in civil-litigation.html: 'index.html' to '/index.html'
Corrected HREF in civil-litigation.html: 'index.html' to '/index.html'
Corrected HREF in civil-litigation.html: 'about.html' to '/about.html'
Corrected HREF in civil-litigation.html: 'practice-areas.html' to '/practice-areas.html'
Corrected HREF in civil-litigation.html: 'civil-litigation.html' to '/civil-litigation.html'
Corrected HREF in civil-litigation.html: 'business-law.html' to '/business-law.html'
Corrected HREF in civil-litigation.html: 'technology-law.html' to '/technology-law.html'
Corrected HREF in civil-litigation.html: 'general-practice.html' to '/general-practice.html'
Corrected HREF in civil-litigation.html: 'resources.html' to '/resources.html'
Corrected HREF in civil-litigation.html: 'contact.html' to '/contact.html'
Corrected HREF in civil-litigation.html: 'index.html' to '/index.html'
Corrected HREF in civil-litigation.html: 'practice-areas.html' to '/practice-areas.html'
Corrected HREF in civil-litigation.html: 'index.html' to '/index.html'
Corrected HREF in civil-litigation.html: 'civil-litigation.html' to '/civil-litigation.html'
Corrected HREF in civil-litigation.html: 'business-law.html' to '/business-law.html'
Corrected HREF in civil-litigation.html: 'technology-law.html' to '/technology-law.html'
Corrected HREF in civil-litigation.html: 'general-practice.html' to '/general-practice.html'
Corrected HREF in civil-litigation.html: 'about.html' to '/about.html'
Corrected HREF in civil-litigation.html: 'resources.html' to '/resources.html'
Corrected HREF in civil-litigation.html: 'blog/index.html' to '/blog/index.html'
Corrected HREF in civil-litigation.html: 'contact.html' to '/contact.html'
Corrected HREF in civil-litigation.html: 'privacy-policy.html' to '/privacy-policy.html'
Corrected HREF in civil-litigation.html: 'terms-of-use.html' to '/terms-of-use.html'
Corrected SRC in civil-litigation.html: 'NorthernEdge Legal Logo.jpg' to '/NorthernEdge Legal Logo.jpg'
Corrected SRC in civil-litigation.html: 'NorthernEdge Legal Logo.jpg' to '/NorthernEdge Legal Logo.jpg'
Corrected SRC in civil-litigation.html: 'NorthernEdge Legal Logo.jpg' to '/NorthernEdge Legal Logo.jpg'
Corrected SRC in civil-litigation.html: 'js/enhanced-navigation.js' to '/js/enhanced-navigation.js'
Corrected SRC in civil-litigation.html: 'js/scroll-navigation.js' to '/js/scroll-navigation.js'
Corrected SRC in civil-litigation.html: 'js/back-to-top.js' to '/js/back-to-top.js'
Corrected SRC in civil-litigation.html: 'js/visual-integration.js' to '/js/visual-integration.js'
Corrected SRC in civil-litigation.html: 'js/nav-highlight.js' to '/js/nav-highlight.js'
Corrected SRC in civil-litigation.html: 'js/main.js' to '/js/main.js'
Corrected HREF in business-law.html: 'css/main.css' to '/css/main.css'
Corrected HREF in business-law.html: 'css/responsive.css' to '/css/responsive.css'
Corrected HREF in business-law.html: 'css/typography.css' to '/css/typography.css'
Corrected HREF in business-law.html: 'css/visual-enhancements.css' to '/css/visual-enhancements.css'
Corrected HREF in business-law.html: 'css/animations.css' to '/css/animations.css'
Corrected HREF in business-law.html: 'css/accessibility.css' to '/css/accessibility.css'
Corrected HREF in business-law.html: 'css/navigation-enhancements.css' to '/css/navigation-enhancements.css'
Corrected HREF in business-law.html: 'css/print.css' to '/css/print.css'
Corrected HREF in business-law.html: 'css/cookie-consent.css' to '/css/cookie-consent.css'
Corrected HREF in business-law.html: 'css/elegant-design-system.css' to '/css/elegant-design-system.css'
Corrected HREF in business-law.html: 'css/icon-styles.css' to '/css/icon-styles.css'
Corrected HREF in business-law.html: 'css/back-to-top.css' to '/css/back-to-top.css'
Corrected HREF in business-law.html: 'index.html' to '/index.html'
Corrected HREF in business-law.html: 'index.html' to '/index.html'
Corrected HREF in business-law.html: 'about.html' to '/about.html'
Corrected HREF in business-law.html: 'practice-areas.html' to '/practice-areas.html'
Corrected HREF in business-law.html: 'civil-litigation.html' to '/civil-litigation.html'
Corrected HREF in business-law.html: 'business-law.html' to '/business-law.html'
Corrected HREF in business-law.html: 'technology-law.html' to '/technology-law.html'
Corrected HREF in business-law.html: 'general-practice.html' to '/general-practice.html'
Corrected HREF in business-law.html: 'resources.html' to '/resources.html'
Corrected HREF in business-law.html: 'contact.html' to '/contact.html'
Corrected HREF in business-law.html: 'index.html' to '/index.html'
Corrected HREF in business-law.html: 'practice-areas.html' to '/practice-areas.html'
Corrected HREF in business-law.html: 'resources/business-formation-guide.pdf' to '/resources/business-formation-guide.pdf'
Corrected HREF in business-law.html: 'resources/contract-essentials.pdf' to '/resources/contract-essentials.pdf'
Corrected HREF in business-law.html: 'resources/compliance-overview.pdf' to '/resources/compliance-overview.pdf'
Corrected HREF in business-law.html: 'contact.html' to '/contact.html'
Corrected HREF in business-law.html: 'contact.html' to '/contact.html'
Corrected HREF in business-law.html: 'resources/business-formation-checklist.html' to '/resources/business-formation-checklist.html'
Corrected HREF in business-law.html: 'index.html' to '/index.html'
Corrected HREF in business-law.html: 'civil-litigation.html' to '/civil-litigation.html'
Corrected HREF in business-law.html: 'business-law.html' to '/business-law.html'
Corrected HREF in business-law.html: 'technology-law.html' to '/technology-law.html'
Corrected HREF in business-law.html: 'general-practice.html' to '/general-practice.html'
Corrected HREF in business-law.html: 'about.html' to '/about.html'
Corrected HREF in business-law.html: 'resources.html' to '/resources.html'
Corrected HREF in business-law.html: 'blog/index.html' to '/blog/index.html'
Corrected HREF in business-law.html: 'contact.html' to '/contact.html'
Corrected HREF in business-law.html: 'privacy-policy.html' to '/privacy-policy.html'
Corrected HREF in business-law.html: 'terms-of-use.html' to '/terms-of-use.html'
Corrected SRC in business-law.html: 'js/main.js' to '/js/main.js'
Corrected SRC in business-law.html: 'NorthernEdge Legal Logo.jpg' to '/NorthernEdge Legal Logo.jpg'
Corrected SRC in business-law.html: 'images/icons/business-formation-icon.svg' to '/images/icons/business-formation-icon.svg'
Corrected SRC in business-law.html: 'images/icons/contracts-icon.svg' to '/images/icons/contracts-icon.svg'
Corrected SRC in business-law.html: 'images/icons/corporate-governance-icon.svg' to '/images/icons/corporate-governance-icon.svg'
Corrected SRC in business-law.html: 'images/icons/business-transactions-icon.svg' to '/images/icons/business-transactions-icon.svg'
Corrected SRC in business-law.html: 'images/icons/regulatory-compliance-icon.svg' to '/images/icons/regulatory-compliance-icon.svg'
Corrected SRC in business-law.html: 'images/icons/business-succession-icon.svg' to '/images/icons/business-succession-icon.svg'
Corrected SRC in business-law.html: 'NorthernEdge Legal Logo.jpg' to '/NorthernEdge Legal Logo.jpg'
Corrected HREF in technology-law.html: 'css/main.css' to '/css/main.css'
Corrected HREF in technology-law.html: 'css/responsive.css' to '/css/responsive.css'
Corrected HREF in technology-law.html: 'css/typography.css' to '/css/typography.css'
Corrected HREF in technology-law.html: 'css/visual-enhancements.css' to '/css/visual-enhancements.css'
Corrected HREF in technology-law.html: 'css/animations.css' to '/css/animations.css'
Corrected HREF in technology-law.html: 'css/accessibility.css' to '/css/accessibility.css'
Corrected HREF in technology-law.html: 'css/navigation-enhancements.css' to '/css/navigation-enhancements.css'
Corrected HREF in technology-law.html: 'css/print.css' to '/css/print.css'
Corrected HREF in technology-law.html: 'css/cookie-consent.css' to '/css/cookie-consent.css'
Corrected HREF in technology-law.html: 'css/elegant-design-system.css' to '/css/elegant-design-system.css'
Corrected HREF in technology-law.html: 'css/icon-styles.css' to '/css/icon-styles.css'
Corrected HREF in technology-law.html: 'css/back-to-top.css' to '/css/back-to-top.css'
Corrected HREF in technology-law.html: 'index.html' to '/index.html'
Corrected HREF in technology-law.html: 'index.html' to '/index.html'
Corrected HREF in technology-law.html: 'about.html' to '/about.html'
Corrected HREF in technology-law.html: 'practice-areas.html' to '/practice-areas.html'
Corrected HREF in technology-law.html: 'civil-litigation.html' to '/civil-litigation.html'
Corrected HREF in technology-law.html: 'business-law.html' to '/business-law.html'
Corrected HREF in technology-law.html: 'technology-law.html' to '/technology-law.html'
Corrected HREF in technology-law.html: 'general-practice.html' to '/general-practice.html'
Corrected HREF in technology-law.html: 'resources.html' to '/resources.html'
Corrected HREF in technology-law.html: 'contact.html' to '/contact.html'
Corrected HREF in technology-law.html: 'resources/software-ip-protection.pdf' to '/resources/software-ip-protection.pdf'
Corrected HREF in technology-law.html: 'resources/privacy-compliance-checklist.pdf' to '/resources/privacy-compliance-checklist.pdf'
Corrected HREF in technology-law.html: 'resources/tech-contract-essentials.pdf' to '/resources/tech-contract-essentials.pdf'
Corrected HREF in technology-law.html: 'contact.html' to '/contact.html'
Corrected HREF in technology-law.html: 'civil-litigation.html' to '/civil-litigation.html'
Corrected HREF in technology-law.html: 'business-law.html' to '/business-law.html'
Corrected HREF in technology-law.html: 'general-practice.html' to '/general-practice.html'
Corrected HREF in technology-law.html: 'contact.html' to '/contact.html'
Corrected HREF in technology-law.html: 'resources/tech-law-guide.html' to '/resources/tech-law-guide.html'
Corrected HREF in technology-law.html: 'civil-litigation.html' to '/civil-litigation.html'
Corrected HREF in technology-law.html: 'business-law.html' to '/business-law.html'
Corrected HREF in technology-law.html: 'technology-law.html' to '/technology-law.html'
Corrected HREF in technology-law.html: 'general-practice.html' to '/general-practice.html'
Corrected HREF in technology-law.html: 'about.html' to '/about.html'
Corrected HREF in technology-law.html: 'resources.html' to '/resources.html'
Corrected HREF in technology-law.html: 'blog/index.html' to '/blog/index.html'
Corrected HREF in technology-law.html: 'contact.html' to '/contact.html'
Corrected HREF in technology-law.html: 'privacy-policy.html' to '/privacy-policy.html'
Corrected HREF in technology-law.html: 'terms-of-use.html' to '/terms-of-use.html'
Corrected SRC in technology-law.html: 'js/main.js' to '/js/main.js'
Corrected SRC in technology-law.html: 'js/scroll-navigation.js' to '/js/scroll-navigation.js'
Corrected SRC in technology-law.html: 'NorthernEdge Legal Logo.jpg' to '/NorthernEdge Legal Logo.jpg'
Corrected SRC in technology-law.html: 'images/icons/litigation-icon.svg' to '/images/icons/litigation-icon.svg'
Corrected SRC in technology-law.html: 'images/icons/business-icon.svg' to '/images/icons/business-icon.svg'
Corrected SRC in technology-law.html: 'images/icons/general-practice-icon.svg' to '/images/icons/general-practice-icon.svg'
Corrected SRC in technology-law.html: 'NorthernEdge Legal Logo.jpg' to '/NorthernEdge Legal Logo.jpg'
Corrected SRC in technology-law.html: 'js/cookie-consent.js' to '/js/cookie-consent.js'
Corrected HREF in general-practice.html: 'css/main.css' to '/css/main.css'
Corrected HREF in general-practice.html: 'css/responsive.css' to '/css/responsive.css'
Corrected HREF in general-practice.html: 'css/typography.css' to '/css/typography.css'
Corrected HREF in general-practice.html: 'css/visual-enhancements.css' to '/css/visual-enhancements.css'
Corrected HREF in general-practice.html: 'css/animations.css' to '/css/animations.css'
Corrected HREF in general-practice.html: 'css/accessibility.css' to '/css/accessibility.css'
Corrected HREF in general-practice.html: 'css/navigation-enhancements.css' to '/css/navigation-enhancements.css'
Corrected HREF in general-practice.html: 'css/print.css' to '/css/print.css'
Corrected HREF in general-practice.html: 'css/cookie-consent.css' to '/css/cookie-consent.css'
Corrected HREF in general-practice.html: 'css/elegant-design-system.css' to '/css/elegant-design-system.css'
Corrected HREF in general-practice.html: 'css/icon-styles.css' to '/css/icon-styles.css'
Corrected HREF in general-practice.html: 'css/back-to-top.css' to '/css/back-to-top.css'
Corrected HREF in general-practice.html: 'index.html' to '/index.html'
Corrected HREF in general-practice.html: 'index.html' to '/index.html'
Corrected HREF in general-practice.html: 'about.html' to '/about.html'
Corrected HREF in general-practice.html: 'practice-areas.html' to '/practice-areas.html'
Corrected HREF in general-practice.html: 'civil-litigation.html' to '/civil-litigation.html'
Corrected HREF in general-practice.html: 'business-law.html' to '/business-law.html'
Corrected HREF in general-practice.html: 'technology-law.html' to '/technology-law.html'
Corrected HREF in general-practice.html: 'general-practice.html' to '/general-practice.html'
Corrected HREF in general-practice.html: 'resources.html' to '/resources.html'
Corrected HREF in general-practice.html: 'blog/index.html' to '/blog/index.html'
Corrected HREF in general-practice.html: 'contact.html' to '/contact.html'
Corrected HREF in general-practice.html: 'resources/family-law-guide.pdf' to '/resources/family-law-guide.pdf'
Corrected HREF in general-practice.html: 'resources/estate-planning-checklist.pdf' to '/resources/estate-planning-checklist.pdf'
Corrected HREF in general-practice.html: 'resources/real-estate-transactions.pdf' to '/resources/real-estate-transactions.pdf'
Corrected HREF in general-practice.html: 'contact.html' to '/contact.html'
Corrected HREF in general-practice.html: 'contact.html' to '/contact.html'
Corrected HREF in general-practice.html: 'index.html' to '/index.html'
Corrected HREF in general-practice.html: 'civil-litigation.html' to '/civil-litigation.html'
Corrected HREF in general-practice.html: 'business-law.html' to '/business-law.html'
Corrected HREF in general-practice.html: 'technology-law.html' to '/technology-law.html'
Corrected HREF in general-practice.html: 'general-practice.html' to '/general-practice.html'
Corrected HREF in general-practice.html: 'about.html' to '/about.html'
Corrected HREF in general-practice.html: 'resources.html' to '/resources.html'
Corrected HREF in general-practice.html: 'blog/index.html' to '/blog/index.html'
Corrected HREF in general-practice.html: 'contact.html' to '/contact.html'
Corrected HREF in general-practice.html: 'privacy-policy.html' to '/privacy-policy.html'
Corrected HREF in general-practice.html: 'terms-of-use.html' to '/terms-of-use.html'
Corrected SRC in general-practice.html: 'js/main.js' to '/js/main.js'
Corrected SRC in general-practice.html: 'NorthernEdge Legal Logo.jpg' to '/NorthernEdge Legal Logo.jpg'
Corrected SRC in general-practice.html: 'NorthernEdge Legal Logo.jpg' to '/NorthernEdge Legal Logo.jpg'
Corrected SRC in general-practice.html: 'js/cookie-consent.js' to '/js/cookie-consent.js'
Corrected HREF in resources.html: 'css/main.css' to '/css/main.css'
Corrected HREF in resources.html: 'css/print.css' to '/css/print.css'
Corrected HREF in resources.html: 'css/cookie-consent.css' to '/css/cookie-consent.css'
Corrected HREF in resources.html: 'css/resources.css' to '/css/resources.css'
Corrected HREF in resources.html: 'css/elegant-design-system.css' to '/css/elegant-design-system.css'
Corrected HREF in resources.html: 'css/typography.css' to '/css/typography.css'
Corrected HREF in resources.html: 'css/visual-enhancements.css' to '/css/visual-enhancements.css'
Corrected HREF in resources.html: 'css/responsive.css' to '/css/responsive.css'
Corrected HREF in resources.html: 'css/navigation-enhancements.css' to '/css/navigation-enhancements.css'
Corrected HREF in resources.html: 'css/icon-styles.css' to '/css/icon-styles.css'
Corrected HREF in resources.html: 'css/back-to-top.css' to '/css/back-to-top.css'
Corrected HREF in resources.html: 'index.html' to '/index.html'
Corrected HREF in resources.html: 'blog/posts/Designer_Babies.html' to '/blog/posts/Designer_Babies.html'
Corrected HREF in resources.html: 'blog/posts/Designer_Babies.html' to '/blog/posts/Designer_Babies.html'
Corrected HREF in resources.html: '../guidebook/Designer_Babies.pdf' to '/guidebook/Designer_Babies.pdf'
Corrected HREF in resources.html: 'contact.html' to '/contact.html'
Corrected HREF in resources.html: 'practice-areas.html' to '/practice-areas.html'
Corrected HREF in resources.html: 'civil-litigation.html' to '/civil-litigation.html'
Corrected HREF in resources.html: 'business-law.html' to '/business-law.html'
Corrected HREF in resources.html: 'technology-law.html' to '/technology-law.html'
Corrected HREF in resources.html: 'general-practice.html' to '/general-practice.html'
Corrected HREF in resources.html: 'about.html' to '/about.html'
Corrected HREF in resources.html: 'resources.html' to '/resources.html'
Corrected HREF in resources.html: 'blog.html' to '/blog.html'
Corrected HREF in resources.html: 'contact.html' to '/contact.html'
Corrected HREF in resources.html: 'privacy-policy.html' to '/privacy-policy.html'
Corrected HREF in resources.html: 'terms-of-use.html' to '/terms-of-use.html'
Corrected HREF in resources.html: '${resource.link}' to '/${resource.link}'
Corrected SRC in resources.html: 'js/main.js' to '/js/main.js'
Corrected SRC in resources.html: 'js/resources.js' to '/js/resources.js'
Corrected SRC in resources.html: 'images/icons/facebook-icon.svg' to '/images/icons/facebook-icon.svg'
Corrected SRC in resources.html: 'images/icons/twitter-icon.svg' to '/images/icons/twitter-icon.svg'
Corrected SRC in resources.html: 'images/icons/linkedin-icon.svg' to '/images/icons/linkedin-icon.svg'
Corrected SRC in resources.html: 'images/NorthernEdge Legal Logo.jpg' to '/images/NorthernEdge Legal Logo.jpg'
Corrected SRC in resources.html: 'js/cookie-consent.js' to '/js/cookie-consent.js'
Corrected HREF in contact.html: 'css/icon-styles.css' to '/css/icon-styles.css'
Corrected HREF in contact.html: 'css/footer.css' to '/css/footer.css'
Corrected HREF in contact.html: 'privacy-policy.html' to '/privacy-policy.html'
Corrected HREF in contact.html: 'about.html' to '/about.html'
Corrected HREF in blog/index.html: '../css/main.css' to '/css/main.css'
Corrected HREF in blog/index.html: '../css/responsive.css' to '/css/responsive.css'
Corrected HREF in blog/index.html: '../css/blog.css' to '/css/blog.css'
Corrected HREF in blog/index.html: '../css/typography.css' to '/css/typography.css'
Corrected HREF in blog/index.html: '../css/visual-enhancements.css' to '/css/visual-enhancements.css'
Corrected HREF in blog/index.html: '../css/animations.css' to '/css/animations.css'
Corrected HREF in blog/index.html: '../css/back-to-top.css' to '/css/back-to-top.css'
Corrected HREF in blog/index.html: '../css/breadcrumbs.css' to '/css/breadcrumbs.css'
Corrected HREF in blog/index.html: '../index.html' to '/index.html'
Corrected HREF in blog/index.html: '../index.html' to '/index.html'
Corrected HREF in blog/index.html: '../about.html' to '/about.html'
Corrected HREF in blog/index.html: '../practice-areas.html' to '/practice-areas.html'
Corrected HREF in blog/index.html: '../civil-litigation.html' to '/civil-litigation.html'
Corrected HREF in blog/index.html: '../business-law.html' to '/business-law.html'
Corrected HREF in blog/index.html: '../technology-law.html' to '/technology-law.html'
Corrected HREF in blog/index.html: '../general-practice.html' to '/general-practice.html'
Corrected HREF in blog/index.html: '../resources.html' to '/resources.html'
Corrected HREF in blog/index.html: 'index.html' to '/blog/index.html'
Corrected HREF in blog/index.html: '../contact.html' to '/contact.html'
Corrected HREF in blog/index.html: '../index.html' to '/index.html'
Corrected HREF in blog/index.html: '../civil-litigation.html' to '/civil-litigation.html'
Corrected HREF in blog/index.html: '../business-law.html' to '/business-law.html'
Corrected HREF in blog/index.html: '../technology-law.html' to '/technology-law.html'
Corrected HREF in blog/index.html: '../general-practice.html' to '/general-practice.html'
Corrected HREF in blog/index.html: '../about.html' to '/about.html'
Corrected HREF in blog/index.html: '../resources.html' to '/resources.html'
Corrected HREF in blog/index.html: 'index.html' to '/blog/index.html'
Corrected HREF in blog/index.html: '../contact.html' to '/contact.html'
Corrected HREF in blog/index.html: '../privacy-policy.html' to '/privacy-policy.html'
Corrected HREF in blog/index.html: '../terms-of-use.html' to '/terms-of-use.html'
Corrected SRC in blog/index.html: '../js/main.js' to '/js/main.js'
Corrected SRC in blog/index.html: '../js/back-to-top.js' to '/js/back-to-top.js'
Corrected SRC in blog/index.html: '../js/visual-integration.js' to '/js/visual-integration.js'
Corrected SRC in blog/index.html: '../NorthernEdge Legal Logo.jpg' to '/NorthernEdge Legal Logo.jpg'
Corrected SRC in blog/index.html: '../NorthernEdge Legal Logo.jpg' to '/NorthernEdge Legal Logo.jpg'
Corrected HREF in blog/posts/Designer_Babies.html: '../../css/main.css' to '/css/main.css'
Corrected HREF in blog/posts/Designer_Babies.html: '../../css/responsive.css' to '/css/responsive.css'
Corrected HREF in blog/posts/Designer_Babies.html: '../../css/blog.css' to '/css/blog.css'
Corrected HREF in blog/posts/Designer_Babies.html: '../../index.html' to '/index.html'
Corrected HREF in blog/posts/Designer_Babies.html: '../../index.html' to '/index.html'
Corrected HREF in blog/posts/Designer_Babies.html: '../../about.html' to '/about.html'
Corrected HREF in blog/posts/Designer_Babies.html: '../../practice-areas.html' to '/practice-areas.html'
Corrected HREF in blog/posts/Designer_Babies.html: '../../civil-litigation.html' to '/civil-litigation.html'
Corrected HREF in blog/posts/Designer_Babies.html: '../../business-law.html' to '/business-law.html'
Corrected HREF in blog/posts/Designer_Babies.html: '../../technology-law.html' to '/technology-law.html'
Corrected HREF in blog/posts/Designer_Babies.html: '../../general-practice.html' to '/general-practice.html'
Corrected HREF in blog/posts/Designer_Babies.html: '../../resources.html' to '/resources.html'
Corrected HREF in blog/posts/Designer_Babies.html: '../../blog/index.html' to '/blog/index.html'
Corrected HREF in blog/posts/Designer_Babies.html: '../../contact.html' to '/contact.html'
Corrected HREF in blog/posts/Designer_Babies.html: '../../guidebook/Designer_Babies.pdf' to '/guidebook/Designer_Babies.pdf'
Corrected HREF in blog/posts/Designer_Babies.html: '../../civil-litigation.html' to '/civil-litigation.html'
Corrected HREF in blog/posts/Designer_Babies.html: '../../business-law.html' to '/business-law.html'
Corrected HREF in blog/posts/Designer_Babies.html: '../../technology-law.html' to '/technology-law.html'
Corrected HREF in blog/posts/Designer_Babies.html: '../../general-practice.html' to '/general-practice.html'
Corrected HREF in blog/posts/Designer_Babies.html: '../../about.html' to '/about.html'
Corrected HREF in blog/posts/Designer_Babies.html: '../../resources.html' to '/resources.html'
Corrected HREF in blog/posts/Designer_Babies.html: '../../blog/index.html' to '/blog/index.html'
Corrected HREF in blog/posts/Designer_Babies.html: '../../contact.html' to '/contact.html'
Corrected HREF in blog/posts/Designer_Babies.html: '../../privacy-policy.html' to '/privacy-policy.html'
Corrected HREF in blog/posts/Designer_Babies.html: '../../terms-of-use.html' to '/terms-of-use.html'
Corrected SRC in blog/posts/Designer_Babies.html: '../../js/main.js' to '/js/main.js'
Corrected SRC in blog/posts/Designer_Babies.html: '../../NorthernEdge Legal Logo.jpg' to '/NorthernEdge Legal Logo.jpg'
Corrected SRC in blog/posts/Designer_Babies.html: '../../images/icons/facebook-icon.svg' to '/images/icons/facebook-icon.svg'
Corrected SRC in blog/posts/Designer_Babies.html: '../../images/icons/twitter-icon.svg' to '/images/icons/twitter-icon.svg'
Corrected SRC in blog/posts/Designer_Babies.html: '../../images/icons/linkedin-icon.svg' to '/images/icons/linkedin-icon.svg'
Corrected HREF in blog/posts/ai-regulation-implications.html: '../../css/main.css' to '/css/main.css'
Corrected HREF in blog/posts/ai-regulation-implications.html: '../../css/responsive.css' to '/css/responsive.css'
Corrected HREF in blog/posts/ai-regulation-implications.html: '../../css/blog.css' to '/css/blog.css'
Corrected HREF in blog/posts/ai-regulation-implications.html: '../../index.html' to '/index.html'
Corrected HREF in blog/posts/ai-regulation-implications.html: '../../index.html' to '/index.html'
Corrected HREF in blog/posts/ai-regulation-implications.html: '../../about.html' to '/about.html'
Corrected HREF in blog/posts/ai-regulation-implications.html: '../../practice-areas.html' to '/practice-areas.html'
Corrected HREF in blog/posts/ai-regulation-implications.html: '../../civil-litigation.html' to '/civil-litigation.html'
Corrected HREF in blog/posts/ai-regulation-implications.html: '../../business-law.html' to '/business-law.html'
Corrected HREF in blog/posts/ai-regulation-implications.html: '../../technology-law.html' to '/technology-law.html'
Corrected HREF in blog/posts/ai-regulation-implications.html: '../../general-practice.html' to '/general-practice.html'
Corrected HREF in blog/posts/ai-regulation-implications.html: '../../resources.html' to '/resources.html'
Corrected HREF in blog/posts/ai-regulation-implications.html: '../index.html' to '/blog/index.html'
Corrected HREF in blog/posts/ai-regulation-implications.html: '../../contact.html' to '/contact.html'
Corrected HREF in blog/posts/ai-regulation-implications.html: '../index.html?category=business' to '/blog/index.html?category=business'
Corrected HREF in blog/posts/ai-regulation-implications.html: '../index.html?category=technology' to '/blog/index.html?category=technology'
Corrected HREF in blog/posts/ai-regulation-implications.html: 'virtual-courts-future.html' to '/blog/posts/virtual-courts-future.html'
Corrected HREF in blog/posts/ai-regulation-implications.html: 'virtual-courts-future.html' to '/blog/posts/virtual-courts-future.html'
Corrected HREF in blog/posts/ai-regulation-implications.html: 'contract-negotiation-tips.html' to '/blog/posts/contract-negotiation-tips.html'
Corrected HREF in blog/posts/ai-regulation-implications.html: '../../civil-litigation.html' to '/civil-litigation.html'
Corrected HREF in blog/posts/ai-regulation-implications.html: '../../business-law.html' to '/business-law.html'
Corrected HREF in blog/posts/ai-regulation-implications.html: '../../technology-law.html' to '/technology-law.html'
Corrected HREF in blog/posts/ai-regulation-implications.html: '../../general-practice.html' to '/general-practice.html'
Corrected HREF in blog/posts/ai-regulation-implications.html: '../../about.html' to '/about.html'
Corrected HREF in blog/posts/ai-regulation-implications.html: '../../resources.html' to '/resources.html'
Corrected HREF in blog/posts/ai-regulation-implications.html: '../index.html' to '/blog/index.html'
Corrected HREF in blog/posts/ai-regulation-implications.html: '../../contact.html' to '/contact.html'
Corrected HREF in blog/posts/ai-regulation-implications.html: '../../privacy-policy.html' to '/privacy-policy.html'
Corrected HREF in blog/posts/ai-regulation-implications.html: '../../terms-of-use.html' to '/terms-of-use.html'
Corrected SRC in blog/posts/ai-regulation-implications.html: '../../js/main.js' to '/js/main.js'
Corrected SRC in blog/posts/ai-regulation-implications.html: '../../images/northernedge-logo.svg' to '/images/northernedge-logo.svg'
Corrected SRC in blog/posts/ai-regulation-implications.html: '../../images/blog/ai-regulation.jpg' to '/images/blog/ai-regulation.jpg'
Corrected SRC in blog/posts/ai-regulation-implications.html: '../../images/team/tim-harmar.jpg' to '/images/team/tim-harmar.jpg'
Corrected SRC in blog/posts/ai-regulation-implications.html: '../../images/northernedge-logo-white.svg' to '/images/northernedge-logo-white.svg'
Corrected HREF in blog/posts/template.html: '../../css/main.css' to '/css/main.css'
Corrected HREF in blog/posts/template.html: '../../css/responsive.css' to '/css/responsive.css'
Corrected HREF in blog/posts/template.html: '../../css/blog.css' to '/css/blog.css'
Corrected HREF in blog/posts/template.html: '../index.html?category=category1' to '/blog/index.html?category=category1'
Corrected HREF in blog/posts/template.html: '../index.html?category=category2' to '/blog/index.html?category=category2'
Corrected HREF in blog/posts/template.html: 'previous-post.html' to '/blog/posts/previous-post.html'
Corrected HREF in blog/posts/template.html: 'next-post.html' to '/blog/posts/next-post.html'
Corrected SRC in blog/posts/template.html: '../../js/main.js' to '/js/main.js'
Corrected SRC in blog/posts/template.html: '../../images/blog/post-image.jpg' to '/images/blog/post-image.jpg'
Corrected SRC in blog/posts/template.html: '../../images/team/author-name.jpg' to '/images/team/author-name.jpg'
Corrected HREF in privacy-policy.html: 'css/main.css' to '/css/main.css'
Corrected HREF in privacy-policy.html: 'css/responsive.css' to '/css/responsive.css'
Corrected HREF in privacy-policy.html: 'css/typography.css' to '/css/typography.css'
Corrected HREF in privacy-policy.html: 'css/visual-enhancements.css' to '/css/visual-enhancements.css'
Corrected HREF in privacy-policy.html: 'index.html' to '/index.html'
Corrected HREF in privacy-policy.html: 'index.html' to '/index.html'
Corrected HREF in privacy-policy.html: 'about.html' to '/about.html'
Corrected HREF in privacy-policy.html: 'practice-areas.html' to '/practice-areas.html'
Corrected HREF in privacy-policy.html: 'civil-litigation.html' to '/civil-litigation.html'
Corrected HREF in privacy-policy.html: 'business-law.html' to '/business-law.html'
Corrected HREF in privacy-policy.html: 'technology-law.html' to '/technology-law.html'
Corrected HREF in privacy-policy.html: 'general-practice.html' to '/general-practice.html'
Corrected HREF in privacy-policy.html: 'resources.html' to '/resources.html'
Corrected HREF in privacy-policy.html: 'blog/index.html' to '/blog/index.html'
Corrected HREF in privacy-policy.html: 'contact.html' to '/contact.html'
Corrected HREF in privacy-policy.html: 'civil-litigation.html' to '/civil-litigation.html'
Corrected HREF in privacy-policy.html: 'business-law.html' to '/business-law.html'
Corrected HREF in privacy-policy.html: 'technology-law.html' to '/technology-law.html'
Corrected HREF in privacy-policy.html: 'general-practice.html' to '/general-practice.html'
Corrected HREF in privacy-policy.html: 'about.html' to '/about.html'
Corrected HREF in privacy-policy.html: 'resources.html' to '/resources.html'
Corrected HREF in privacy-policy.html: 'blog/index.html' to '/blog/index.html'
Corrected HREF in privacy-policy.html: 'contact.html' to '/contact.html'
Corrected HREF in privacy-policy.html: 'privacy-policy.html' to '/privacy-policy.html'
Corrected HREF in privacy-policy.html: 'terms-of-use.html' to '/terms-of-use.html'
Corrected SRC in privacy-policy.html: 'js/main.js' to '/js/main.js'
Corrected SRC in privacy-policy.html: 'images/northernedge-logo.svg' to '/images/northernedge-logo.svg'
Corrected SRC in privacy-policy.html: 'images/northernedge-logo-white.svg' to '/images/northernedge-logo-white.svg'
Corrected HREF in terms-of-use.html: 'css/main.css' to '/css/main.css'
Corrected HREF in terms-of-use.html: 'css/responsive.css' to '/css/responsive.css'
Corrected HREF in terms-of-use.html: 'css/typography.css' to '/css/typography.css'
Corrected HREF in terms-of-use.html: 'css/visual-enhancements.css' to '/css/visual-enhancements.css'
Corrected HREF in terms-of-use.html: 'css/animations.css' to '/css/animations.css'
Corrected HREF in terms-of-use.html: 'css/accessibility.css' to '/css/accessibility.css'
Corrected HREF in terms-of-use.html: 'css/cookie-consent.css' to '/css/cookie-consent.css'
Corrected HREF in terms-of-use.html: 'index.html' to '/index.html'
Corrected HREF in terms-of-use.html: 'index.html' to '/index.html'
Corrected HREF in terms-of-use.html: 'about.html' to '/about.html'
Corrected HREF in terms-of-use.html: 'practice-areas.html' to '/practice-areas.html'
Corrected HREF in terms-of-use.html: 'civil-litigation.html' to '/civil-litigation.html'
Corrected HREF in terms-of-use.html: 'business-law.html' to '/business-law.html'
Corrected HREF in terms-of-use.html: 'technology-law.html' to '/technology-law.html'
Corrected HREF in terms-of-use.html: 'general-practice.html' to '/general-practice.html'
Corrected HREF in terms-of-use.html: 'resources.html' to '/resources.html'
Corrected HREF in terms-of-use.html: 'blog/index.html' to '/blog/index.html'
Corrected HREF in terms-of-use.html: 'contact.html' to '/contact.html'
Corrected HREF in terms-of-use.html: 'privacy-policy.html' to '/privacy-policy.html'
Corrected HREF in terms-of-use.html: 'civil-litigation.html' to '/civil-litigation.html'
Corrected HREF in terms-of-use.html: 'business-law.html' to '/business-law.html'
Corrected HREF in terms-of-use.html: 'technology-law.html' to '/technology-law.html'
Corrected HREF in terms-of-use.html: 'general-practice.html' to '/general-practice.html'
Corrected HREF in terms-of-use.html: 'about.html' to '/about.html'
Corrected HREF in terms-of-use.html: 'resources.html' to '/resources.html'
Corrected HREF in terms-of-use.html: 'blog/index.html' to '/blog/index.html'
Corrected HREF in terms-of-use.html: 'contact.html' to '/contact.html'
Corrected HREF in terms-of-use.html: 'privacy-policy.html' to '/privacy-policy.html'
Corrected HREF in terms-of-use.html: 'cookie-policy.html' to '/cookie-policy.html'
Corrected HREF in terms-of-use.html: 'terms-of-use.html' to '/terms-of-use.html'
Corrected SRC in terms-of-use.html: 'js/main.js' to '/js/main.js'
Corrected SRC in terms-of-use.html: 'images/northernedge-logo.svg' to '/images/northernedge-logo.svg'
Corrected SRC in terms-of-use.html: 'images/northernedge-logo-white.svg' to '/images/northernedge-logo-white.svg'
Corrected SRC in terms-of-use.html: 'js/cookie-consent.js' to '/js/cookie-consent.js'
Corrected HREF in sitemap.html: 'css/main.css' to '/css/main.css'
Corrected HREF in sitemap.html: 'css/responsive.css' to '/css/responsive.css'
Corrected HREF in sitemap.html: 'index.html' to '/index.html'
Corrected SRC in sitemap.html: 'videos/NorthernEdge%20Legal%20Logo.jpg' to '/videos/NorthernEdge%20Legal%20Logo.jpg'
Corrected SRC in sitemap.html: 'videos/NorthernEdge%20Legal%20Logo.jpg' to '/videos/NorthernEdge%20Legal%20Logo.jpg'
Corrected HREF in 404.html: 'css/main.css' to '/css/main.css'
Corrected HREF in 404.html: 'css/responsive.css' to '/css/responsive.css'
Corrected HREF in 404.html: 'css/typography.css' to '/css/typography.css'
Corrected HREF in 404.html: 'css/visual-enhancements.css' to '/css/visual-enhancements.css'
Corrected HREF in 404.html: 'css/animations.css' to '/css/animations.css'
Corrected HREF in 404.html: 'css/breadcrumbs.css' to '/css/breadcrumbs.css'
Corrected HREF in 404.html: 'css/back-to-top.css' to '/css/back-to-top.css'
Corrected HREF in 404.html: 'css/navigation.css' to '/css/navigation.css'
Corrected HREF in 404.html: 'css/elegant-design-system.css' to '/css/elegant-design-system.css'
Corrected HREF in 404.html: 'css/icon-styles.css' to '/css/icon-styles.css'
Corrected HREF in 404.html: 'index.html' to '/index.html'
Corrected HREF in 404.html: 'index.html' to '/index.html'
Corrected HREF in 404.html: 'about.html' to '/about.html'
Corrected HREF in 404.html: 'practice-areas.html' to '/practice-areas.html'
Corrected HREF in 404.html: 'civil-litigation.html' to '/civil-litigation.html'
Corrected HREF in 404.html: 'business-law.html' to '/business-law.html'
Corrected HREF in 404.html: 'technology-law.html' to '/technology-law.html'
Corrected HREF in 404.html: 'general-practice.html' to '/general-practice.html'
Corrected HREF in 404.html: 'resources.html' to '/resources.html'
Corrected HREF in 404.html: 'contact.html' to '/contact.html'
Corrected HREF in 404.html: 'index.html' to '/index.html'
Corrected HREF in 404.html: 'index.html' to '/index.html'
Corrected HREF in 404.html: 'practice-areas.html' to '/practice-areas.html'
Corrected HREF in 404.html: 'contact.html' to '/contact.html'
Corrected HREF in 404.html: 'civil-litigation.html' to '/civil-litigation.html'
Corrected HREF in 404.html: 'business-law.html' to '/business-law.html'
Corrected HREF in 404.html: 'technology-law.html' to '/technology-law.html'
Corrected HREF in 404.html: 'general-practice.html' to '/general-practice.html'
Corrected HREF in 404.html: 'about.html' to '/about.html'
Corrected HREF in 404.html: 'resources.html' to '/resources.html'
Corrected HREF in 404.html: 'contact.html' to '/contact.html'
Corrected HREF in 404.html: 'privacy-policy.html' to '/privacy-policy.html'
Corrected HREF in 404.html: 'terms-of-use.html' to '/terms-of-use.html'
Corrected SRC in 404.html: 'js/navigation.js' to '/js/navigation.js'
Corrected SRC in 404.html: 'js/path-fix.js' to '/js/path-fix.js'
Corrected SRC in 404.html: 'js/back-to-top.js' to '/js/back-to-top.js'
Corrected SRC in 404.html: 'NorthernEdge Legal Logo.jpg' to '/NorthernEdge Legal Logo.jpg'
Corrected SRC in 404.html: 'images/404-illustration.svg' to '/images/404-illustration.svg'
Corrected SRC in 404.html: 'NorthernEdge Legal Logo.jpg' to '/NorthernEdge Legal Logo.jpg'
