/blog/posts/contract-negotiation-tips.html
/blog/posts/next-post.html
/blog/posts/previous-post.html
/blog/posts/virtual-courts-future.html
/captions/video-en.vtt
/captions/video-en.vtt (checked as captions/video-en.vtt
/css/inner-navigation.css
/css/navigation-enhancements.css
/guidebook/Designer_Babies.pdf
/images/NorthernEdge Legal Logo.jpg
/images/NorthernEdge Legal Logo.jpg (checked as images/NorthernEdge Legal Logo.jpg
/images/blog/ai-regulation.jpg
/images/blog/post-image.jpg
/images/icons/balance-scale-icon.svg
/images/icons/balance-scale-icon.svg (checked as images/icons/balance-scale-icon.svg
/images/icons/business-formation-icon.svg (checked as images/icons/business-formation-icon.svg
/images/icons/business-succession-icon.svg (checked as images/icons/business-succession-icon.svg
/images/icons/business-transactions-icon.svg (checked as images/icons/business-transactions-icon.svg
/images/icons/contracts-icon.svg (checked as images/icons/contracts-icon.svg
/images/icons/corporate-governance-icon.svg (checked as images/icons/corporate-governance-icon.svg
/images/icons/facebook-icon.svg
/images/icons/facebook-icon.svg (checked as images/icons/facebook-icon.svg
/images/icons/general-practice-icon.svg
/images/icons/general-practice-icon.svg (checked as images/icons/general-practice-icon.svg
/images/icons/handshake-icon.svg
/images/icons/handshake-icon.svg (checked as images/icons/handshake-icon.svg
/images/icons/intellectual-property-icon.svg
/images/icons/intellectual-property-icon.svg (checked as images/icons/intellectual-property-icon.svg
/images/icons/lightbulb-icon.svg
/images/icons/lightbulb-icon.svg (checked as images/icons/lightbulb-icon.svg
/images/icons/linkedin-icon.svg
/images/icons/linkedin-icon.svg (checked as images/icons/linkedin-icon.svg
/images/icons/mountain-icon.svg
/images/icons/mountain-icon.svg (checked as images/icons/mountain-icon.svg
/images/icons/regulatory-compliance-icon.svg (checked as images/icons/regulatory-compliance-icon.svg
/images/icons/twitter-icon.svg
/images/icons/twitter-icon.svg (checked as images/icons/twitter-icon.svg
/images/northernedge-logo-white.svg
/images/northernedge-logo-white.svg (checked as images/northernedge-logo-white.svg
/images/northernedge-logo.svg
/images/northernedge-logo.svg (checked as images/northernedge-logo.svg
/images/office-interior.jpg
/images/office-interior.jpg (checked as images/office-interior.jpg
/images/team/author-name.jpg
/images/team/tim-harmar.jpg
/js/enhanced-navigation.js
/js/scroll-navigation.js
/js/visual-integration.js
/northernedge-logo.svg
/posts/Designer_Babies.html: /images/icons/facebook-icon.svg (checked as images/icons/facebook-icon.svg
/posts/Designer_Babies.html: /images/icons/linkedin-icon.svg (checked as images/icons/linkedin-icon.svg
/posts/Designer_Babies.html: /images/icons/twitter-icon.svg (checked as images/icons/twitter-icon.svg
/posts/ai-regulation-implications.html: /images/blog/ai-regulation.jpg (checked as images/blog/ai-regulation.jpg
/posts/ai-regulation-implications.html: /images/northernedge-logo-white.svg (checked as images/northernedge-logo-white.svg
/posts/ai-regulation-implications.html: /images/northernedge-logo.svg (checked as images/northernedge-logo.svg
/posts/ai-regulation-implications.html: /images/team/tim-harmar.jpg (checked as images/team/tim-harmar.jpg
/posts/template.html: /images/blog/post-image.jpg (checked as images/blog/post-image.jpg
/posts/template.html: /images/team/author-name.jpg (checked as images/team/author-name.jpg
/resources/business-formation-checklist.html
/resources/business-formation-guide.pdf
/resources/compliance-overview.pdf
/resources/contract-essentials.pdf
/resources/estate-planning-checklist.pdf
/resources/family-law-guide.pdf
/resources/privacy-compliance-checklist.pdf
/resources/real-estate-transactions.pdf
/resources/software-ip-protection.pdf
/resources/tech-contract-essentials.pdf
/resources/tech-law-guide.html
/search.html
/videos/NorthernEdge%20Legal%20Logo.jpg
/videos/NorthernEdge%20Legal%20Logo.jpg (checked as videos/NorthernEdge%20Legal%20Logo.jpg
